
INFO (TDA-005): Command Line Invocation: 
            build_faultmodel includeignore=no cellnamefaultrules=yes includedynamic=no faultpath=../pfaults precollapsed=no workdir=workdir ignoreblackbox=yes cellfaults=no  [end TDA_005]

***********************************************************************
Encounter(R) Test and Diagnostics 12.1.101 Feb 21, 2013 (linux26_64 ET121)
 
Licensed Materials - Property of Cadence Design Systems, Inc. 
 
Copyright (C) 2002-2012 Cadence Design Systems Inc. All Rights Reserved. 
Cadence and the Cadence logo are registered trademarks. All others are 
properties of their respective holders. 
 
Copyright (C) 1994-2002 IBM Corporation. All rights reserved. 
  IBM is a Trademark of International Business Machines Corporation. 
Copyright (C) 2001-2003 The Trustees of Indiana University. All rights reserved. 
Copyright (C) 1998-2001 University of Notre Dame. All rights reserved. 
Copyright (C) 1994-1998 The Ohio State University. All rights reserved. 
Perl Copyright 1987-2002, Larry Wall 


***********************************************************************

INFO (TDA-007): Job Information:
            Date Started: Sunday May 03 10:43:10 2015  EDT
            Host machine is masters04.ece.cmu.edu, x86_64 running Linux 2.6.32-431.29.2.el6.x86_64.
            This job is process number 8872.
[end TDA_007]

INFO (TDA-009): Keywords/Values information.
            (keywords marked with '*' have program generated values,
             keywords marked with '+' were specified to default.)

            WORKDIR=workdir

            FAULTPATH=../pfaults
            logfile=workdir/testresults/logs/log_build_faultmodel_050315104310-133378000
            cellnamefaultrules=yes
            includedynamic=no
          + cellfaults=no
          + ignoreblackbox=yes
          + precollapsed=no
          + includeignore=no
[end TDA_009]
INFO (TFM-099): Build Fault Model started.  [end TFM_099] 
INFO (TFM-102): Creating faultModel file workdir/tbdata/faultModel.  [end TFM_102] 
INFO (TFM-098): Build Fault Model: now processing fault rule file ../pfaults/OR_verilogPrim_2.  [end TFM_098] 
INFO (TFM-098): Build Fault Model: now processing fault rule file ../pfaults/AND_verilogPrim_2.  [end TFM_098] 

Global Ignored Static Fault Count          0

Global Ignored Dynamic Fault Count         0



                            Global Statistics

                 -- ATCov --   ------------- Global Faults ----------------------
                   Global      Total     Tested   Possibly  Redundant   Untested

Total Static         0.00         48          0          0          0         48
Collapsed Static     0.00         38          0          0          0         38
PI Static            0.00          8          0          0          0          8
PO Static            0.00          2          0          0          0          2

Total Dynamic                      0

Parametric        

IDDq                 0.00         48          0                               48



INFO (TFM-103): Creating faultStatus file workdir/tbdata/faultStatus.  [end TFM_103] 

                           Testmode Statistics: FULLSCAN

                   ---- ATCov ----   ---------------- Testmode Faults --------------------  ------------------ Global Faults --------------------
                 Testmode Global      Total     Tested   Possibly  Redundant   Untested      Total     Tested   Possibly  Redundant   Untested

Total Static         0.00   0.00         48          0          0          0         48         48          0          0          0         48
Collapsed Static     0.00   0.00         38          0          0          0         38         38          0          0          0         38
PI Static            0.00   0.00          8          0          0          0          8          8          0          0          0          8
PO Static            0.00   0.00          2          0          0          0          2          2          0          0          0          2

Total Dynamic                             0

Parametric        

IDDq                 0.00   0.00         48          0                               48         48          0                               48

Path                 0.00   0.00          0          0                                0          0          0                                0


INFO (TFM-704): Maximum Global Test Coverage Statistics: 

                  %Active    #Faults    #Active  #Inactive
Total Static       100.00         48         48          0
Collapsed Static   100.00         38         38          0
PI Static          100.00          8          8          0
PO Static          100.00          2          2          0

Total Dynamic                      0

Parametric        

There are 1 test mode(s) defined:
      FULLSCAN

[end TFM_704]
INFO (TFM-109): Build Fault Model has completed with highest level severity message of INFO.  [end TFM_109] 

INFO (TDA-001): Maximum Memory used during the run and Cumulative Time in hours:minutes:seconds:

                  Total Memory =            6,045,136  bytes

                      CPU Time =    0:00:00.01
                  Elapsed Time =    0:00:00.32                    [end TDA_001]

     Date Ended:  Sunday May 03 10:43:10 2015  EDT




*******************************************************************************
*                      Message Summary                                        *
*******************************************************************************
 Count  Number             First Instance of Message Text
------- ------             ------------------------------

  INFO Messages...
      2 INFO (TFM-098): Build Fault Model: now processing fault rule file ../pfaults/OR_verilogPrim_2.   
      1 INFO (TFM-099): Build Fault Model started.   
      1 INFO (TFM-102): Creating faultModel file workdir/tbdata/faultModel.   
      1 INFO (TFM-103): Creating faultStatus file workdir/tbdata/faultStatus.   
      1 INFO (TFM-109): Build Fault Model has completed with highest level severity message of INFO.   
      1 INFO (TFM-704): Maximum Global Test Coverage Statistics: 


*******************************************************************************
