
INFO (TDA-005): Command Line Invocation: 
            report_faults faulttype=static reportcircuit=yes faultstatus=untested experiment=exp_comb testmode=FULLSCAN inputcommitted=no workdir=comb_dir  [end TDA_005]

***********************************************************************
Encounter(R) Test and Diagnostics 12.1.101 Feb 21, 2013 (linux26_64 ET121)
 
Licensed Materials - Property of Cadence Design Systems, Inc. 
 
Copyright (C) 2002-2012 Cadence Design Systems Inc. All Rights Reserved. 
Cadence and the Cadence logo are registered trademarks. All others are 
properties of their respective holders. 
 
Copyright (C) 1994-2002 IBM Corporation. All rights reserved. 
  IBM is a Trademark of International Business Machines Corporation. 
Copyright (C) 2001-2003 The Trustees of Indiana University. All rights reserved. 
Copyright (C) 1998-2001 University of Notre Dame. All rights reserved. 
Copyright (C) 1994-1998 The Ohio State University. All rights reserved. 
Perl Copyright 1987-2002, Larry Wall 


***********************************************************************

INFO (TDA-007): Job Information:
            Date Started: Saturday May 02 20:05:33 2015  EDT
            Host machine is masters04.ece.cmu.edu, x86_64 running Linux 2.6.32-431.29.2.el6.x86_64.
            This job is process number 21045.
[end TDA_007]

INFO (TDA-009): Keywords/Values information.
            (keywords marked with '*' have program generated values,
             keywords marked with '+' were specified to default.)

            WORKDIR=comb_dir
            TESTMODE=FULLSCAN
            EXPERIMENT=exp_comb

            reportcircuit=yes
            logfile=comb_dir/testresults/logs/log_report_faults_FULLSCAN_exp_comb_050215200533-041758000
          + inputcommitted=no
          + faultstatus=untested
          + faulttype=static
[end TDA_009]

TFMlist 

Logic Model(GM)   05/03/15
                  00:05:19

Circuit Summary
---------------

Hierarchical Model:                  Flattened Model:
     5936  Blocks                          5842  Blocks
    14741  Pins                            5842  Nodes
     6436  Nets

Primary Inputs:                      Primary Outputs:
       79  Input Only                        82  Output Only
        0  Input/Output                       0  Input/Output
       79  Total Inputs                      82  Total Outputs

Tied Nets:                           Dotted Nets:
        0  Tied to 0                          0  Two-State
        0  Tied to 1                          0  Three-State
        0  Tied to X                          0  Total Dotted Nets
        0  Total Tied Nets

Selected Primitive Functions:
        0  Clock Chopper (CHOP) primitives 
        0  RAMs
        0  ROMs
        0  TSDs
        0  Resistors
        0  Transistors
        0  Latches

        0  Flip-Flops

File Id     faultModel        faultStatus         experiment
Created (GM)  05/03/15           05/03/15           05/03/15
              00:05:21           00:05:21           00:05:24
Modified(GM)  05/03/15           05/03/15           05/03/15
              00:05:21           00:05:21           00:05:31
Code Level        2012.1             2012.1             2012.1            
Max Fault Id       24603


Global Ignored Static Fault Count        178
Global Ignored Dynamic Fault Count         0


INFO (TFM-705): Testmode: FULLSCAN Experiment: exp_comb Fault List:   


     Fault Status  Type    Sim Func / Cell Name           Fault pin name

      2290 A       SPAT           AND                     Pin.f.l.s9234.nl.AND2_613.01  PATTERN 2: 
      5013 A       SPAT           NAND                    Pin.f.l.s9234.nl.NAND2_346.01  PATTERN 1: 
     10545 A       ISA1           AND                     Pin.f.l.s9234.nl.AND2_613.A1   
     20904 c       OSA1           NBUF                    Pin.f.l.s9234.nl.NOT_539.01   
     13804 A       OSA1           NBUF                    Pin.f.l.s9234.nl.NOT_161.01   
     18151 c       OSA0           NBUF                    Pin.f.l.s9234.nl.NOT_2504.01   

[end TFM_705]

INFO (TDA-001): Maximum Memory used during the run and Cumulative Time in hours:minutes:seconds:

                  Total Memory =            9,973,776  bytes

                      CPU Time =    0:00:00.04
                  Elapsed Time =    0:00:00.06                    [end TDA_001]

     Date Ended:  Saturday May 02 20:05:33 2015  EDT




*******************************************************************************
*                      Message Summary                                        *
*******************************************************************************
 Count  Number             First Instance of Message Text
------- ------             ------------------------------

  INFO Messages...
      1 INFO (TFM-705): Testmode: FULLSCAN Experiment: exp_comb Fault List:   


*******************************************************************************
